<?xml version="1.0" encoding="UTF-8"?>
<!-- Generated by org.testng.reporters.JUnitReportReporter -->
<testsuite hostname="MD1FBVXC" name="com.gurukula.e2eTests.BranchTests" tests="1" failures="0" timestamp="24 Dec 2016 18:10:38 GMT" time="11.180" errors="0">
  <testcase name="TC002_checkNewBranchNegative" time="11.180" classname="com.gurukula.e2eTests.BranchTests"/>
</testsuite> <!-- com.gurukula.e2eTests.BranchTests -->
