<?xml version="1.0" encoding="UTF-8"?>
<!-- Generated by org.testng.reporters.JUnitReportReporter -->
<testsuite hostname="MD1FBVXC" name="com.gurukula.e2eTests.LoginTests" tests="3" failures="0" timestamp="24 Dec 2016 13:19:39 GMT" time="19.462" errors="0">
  <testcase name="TC003_loginNegative" time="6.751" classname="com.gurukula.e2eTests.LoginTests"/>
  <testcase name="TC002_loginPositive" time="6.852" classname="com.gurukula.e2eTests.LoginTests"/>
  <testcase name="TC001_checkHomePage" time="5.859" classname="com.gurukula.e2eTests.LoginTests"/>
</testsuite> <!-- com.gurukula.e2eTests.LoginTests -->
