<?xml version="1.0" encoding="UTF-8"?>
<!-- Generated by org.testng.reporters.JUnitReportReporter -->
<testsuite hostname="MD1FBVXC" name="com.gurukula.e2eTests.StaffTests" tests="1" failures="0" timestamp="24 Dec 2016 18:42:30 GMT" time="10.999" errors="0">
  <testcase name="TC003_editStaff" time="10.999" classname="com.gurukula.e2eTests.StaffTests"/>
</testsuite> <!-- com.gurukula.e2eTests.StaffTests -->
