<?xml version="1.0" encoding="UTF-8"?>
<!-- Generated by org.testng.reporters.JUnitReportReporter -->
<testsuite hostname="MD1FBVXC" name="com.gurukula.e2eTests.BranchTests" tests="1" failures="0" timestamp="23 Dec 2016 16:09:41 GMT" time="11.620" errors="0">
  <testcase name="TC001_checkHomePage" time="11.620" classname="com.gurukula.e2eTests.BranchTests"/>
</testsuite> <!-- com.gurukula.e2eTests.BranchTests -->
