<?xml version="1.0" encoding="UTF-8"?>
<!-- Generated by org.testng.reporters.JUnitReportReporter -->
<testsuite hostname="MD1FBVXC" name="com.gurukula.e2eTests.HomePageTests" tests="1" failures="0" timestamp="24 Dec 2016 13:19:13 GMT" time="5.950" errors="0">
  <testcase name="TC001_checkHomePage" time="5.950" classname="com.gurukula.e2eTests.HomePageTests"/>
</testsuite> <!-- com.gurukula.e2eTests.HomePageTests -->
