<?xml version="1.0" encoding="UTF-8"?>
<!-- Generated by org.testng.reporters.JUnitReportReporter -->
<testsuite hostname="MD1FBVXC" name="com.gurukula.e2eTests.LoginTests" tests="1" failures="0" timestamp="23 Dec 2016 14:41:52 GMT" time="7.814" errors="0">
  <testcase name="TC003_loginNegative" time="7.814" classname="com.gurukula.e2eTests.LoginTests"/>
</testsuite> <!-- com.gurukula.e2eTests.LoginTests -->
