<?xml version="1.0" encoding="UTF-8"?>
<!-- Generated by org.testng.reporters.JUnitReportReporter -->
<testsuite hostname="MD1FBVXC" name="com.gurukula.e2eTests.LoginTests" tests="1" failures="0" timestamp="21 Dec 2016 21:25:35 GMT" time="7.012" errors="0">
  <testcase name="TC002_login" time="7.012" classname="com.gurukula.e2eTests.LoginTests"/>
</testsuite> <!-- com.gurukula.e2eTests.LoginTests -->
