<?xml version="1.0" encoding="UTF-8"?>
<!-- Generated by org.testng.reporters.JUnitReportReporter -->
<testsuite hostname="MD1FBVXC" name="com.gurukula.e2eTests.StaffTests" tests="1" failures="0" timestamp="25 Dec 2016 12:26:39 GMT" time="11.728" errors="0">
  <testcase name="TC003_editStaff" time="11.728" classname="com.gurukula.e2eTests.StaffTests"/>
</testsuite> <!-- com.gurukula.e2eTests.StaffTests -->
