<?xml version="1.0" encoding="UTF-8"?>
<!-- Generated by org.testng.reporters.JUnitReportReporter -->
<testsuite hostname="MD1FBVXC" name="com.gurukula.e2eTests.BranchTests" tests="1" failures="0" timestamp="25 Dec 2016 12:12:17 GMT" time="12.903" errors="0">
  <testcase name="TC005_searchBranch" time="12.903" classname="com.gurukula.e2eTests.BranchTests"/>
</testsuite> <!-- com.gurukula.e2eTests.BranchTests -->
