<?xml version="1.0" encoding="UTF-8"?>
<!-- Generated by org.testng.reporters.JUnitReportReporter -->
<testsuite hostname="MD1FBVXC" name="com.gurukula.e2eTests.RegistrationTests" tests="1" failures="0" timestamp="25 Dec 2016 10:08:24 GMT" time="11.129" errors="0">
  <testcase name="TC004_registerANewAccountNegativePasswordMatch" time="11.129" classname="com.gurukula.e2eTests.RegistrationTests"/>
</testsuite> <!-- com.gurukula.e2eTests.RegistrationTests -->
