<?xml version="1.0" encoding="UTF-8"?>
<!-- Generated by org.testng.reporters.JUnitReportReporter -->
<testsuite hostname="MD1FBVXC" name="com.gurukula.dataTests.DataTests" tests="5" failures="0" timestamp="25 Dec 2016 15:26:20 GMT" time="48.884" errors="0">
  <testcase name="csvDataRead" time="7.881" classname="com.gurukula.dataTests.DataTests"/>
  <testcase name="csvDataRead" time="10.353" classname="com.gurukula.dataTests.DataTests"/>
  <testcase name="csvDataRead" time="10.080" classname="com.gurukula.dataTests.DataTests"/>
  <testcase name="csvDataRead" time="9.947" classname="com.gurukula.dataTests.DataTests"/>
  <testcase name="csvDataRead" time="10.623" classname="com.gurukula.dataTests.DataTests"/>
</testsuite> <!-- com.gurukula.dataTests.DataTests -->
