<?xml version="1.0" encoding="UTF-8"?>
<!-- Generated by org.testng.reporters.JUnitReportReporter -->
<testsuite hostname="MD1FBVXC" name="com.gurukula.e2eTests.LoginTests" tests="1" failures="0" timestamp="24 Dec 2016 19:02:20 GMT" time="7.247" errors="0">
  <testcase name="TC004_logOut" time="7.247" classname="com.gurukula.e2eTests.LoginTests"/>
</testsuite> <!-- com.gurukula.e2eTests.LoginTests -->
