<?xml version="1.0" encoding="UTF-8"?>
<!-- Generated by org.testng.reporters.JUnitReportReporter -->
<testsuite hostname="MD1FBVXC" name="com.gurukula.e2eTests.HomePageTests" tests="1" failures="0" timestamp="21 Dec 2016 20:16:25 GMT" time="6.658" errors="0">
  <testcase name="TC001_checkHomePage" time="6.658" classname="com.gurukula.e2eTests.HomePageTests"/>
</testsuite> <!-- com.gurukula.e2eTests.HomePageTests -->
