<?xml version="1.0" encoding="UTF-8"?>
<!-- Generated by org.testng.reporters.JUnitReportReporter -->
<testsuite hostname="MD1FBVXC" name="com.gurukula.e2eTests.BranchTests" tests="1" failures="0" timestamp="24 Dec 2016 14:11:43 GMT" time="12.001" errors="0">
  <testcase name="TC001_checkNewBranch" time="12.001" classname="com.gurukula.e2eTests.BranchTests"/>
</testsuite> <!-- com.gurukula.e2eTests.BranchTests -->
