<?xml version="1.0" encoding="UTF-8"?>
<!-- Generated by org.testng.reporters.JUnitReportReporter -->
<testsuite hostname="MD1FBVXC" name="com.gurukula.e2eTests.BranchTests" tests="2" failures="0" timestamp="24 Dec 2016 12:53:41 GMT" time="24.796" errors="0">
  <testcase name="TC001_checkNewBranch" time="11.966" classname="com.gurukula.e2eTests.BranchTests"/>
  <testcase name="TC002_deleteBranch" time="12.830" classname="com.gurukula.e2eTests.BranchTests"/>
</testsuite> <!-- com.gurukula.e2eTests.BranchTests -->
